<?xml version="1.0" encoding="UTF-8"?>
<testsuite xmlns:xsi="http://www.w3.org/2001/XMLSchema-instance" xsi:noNamespaceSchemaLocation="https://maven.apache.org/surefire/maven-surefire-plugin/xsd/surefire-test-report-3.0.xsd" version="3.0" name="javaautomation.RunCucumberTest" time="2.418" tests="1" errors="0" skipped="0" failures="0">
  <properties>
[...]
</properties>
  <testcase name="Validate that the elements are shown" classname="Jenkins login" time="2.35">
    <system-out><![CDATA[
Scenario: Validate that the elements are shown &amp#27;[90m# javaautomation/Login.feature:6&amp#27;[0m
  &amp#27;[32mGiven &amp#27;[0m&amp#27;[32mi navigate to Jenkins&amp#27;[0m                  &amp#27;[90m# steps.LoginSteps.i_navigate_to_jenkins()&amp#27;[0m
  &amp#27;[32mWhen &amp#27;[0m&amp#27;[32mthe page loads&amp#27;[0m                          &amp#27;[90m# steps.LoginSteps.the_page_loads()&amp#27;[0m

  &amp#27;[32mThen &amp#27;[0m&amp#27;[32mthe &amp#27;[0m&amp#27;[32m&amp#27;[1m"username"&amp#27;[0m&amp#27;[32m input is displayed&amp#27;[0m       &amp#27;[90m# steps.LoginSteps.the_input_is_displayed(java.lang.String)&amp#27;[0m

  &amp#27;[32mThen &amp#27;[0m&amp#27;[32mthe &amp#27;[0m&amp#27;[32m&amp#27;[1m"password"&amp#27;[0m&amp#27;[32m input is displayed&amp#27;[0m       &amp#27;[90m# steps.LoginSteps.the_input_is_displayed(java.lang.String)&amp#27;[0m
  &amp#27;[32mThen &amp#27;[0m&amp#27;[32mthe Sign In button is displayed&amp#27;[0m         &amp#27;[90m# steps.LoginSteps.the_sign_button_is_displayed()&amp#27;[0m
]]></system-out>
    <system-err><![CDATA[SLF4J: Failed to load class "org.slf4j.impl.StaticLoggerBinder".
SLF4J: Defaulting to no-operation (NOP) logger implementation
SLF4J: See http://www.slf4j.org/codes.html#StaticLoggerBinder for further details.
Starting ChromeDriver 104.0.5112.79 (3cf3e8c8a07d104b9e1260c910efb8f383285dc5-refs/branch-heads/5112@{#1307}) on port 58511
Only local connections are allowed.
Please see https://chromedriver.chromium.org/security-considerations for suggestions on keeping ChromeDriver safe.
ChromeDriver was started successfully.
Aug 24, 2022 10:32:00 PM org.openqa.selenium.remote.ProtocolHandshake createSession
INFO: Detected upstream dialect: W3C
Aug 24, 2022 10:32:00 PM org.openqa.selenium.devtools.CdpVersionFinder findNearestMatch
INFO: Found exact CDP implementation for version 104
]]></system-err>
  </testcase>
</testsuite>